<?xml version="1.0" encoding="UTF-8"?>
<!-- Generated by org.testng.reporters.JUnitXMLReporter -->
<testsuite ignored="1" hostname="DESKTOP-S9638DG" failures="1" tests="1" name="Reg1" time="0.165" errors="0" timestamp="2024-01-20T09:13:48 EET">
  <testcase classname="ddClass" name="Display" time="0.015">
    <failure type="java.lang.AssertionError" message="The following asserts failed:
	expected [Thank you for Loggin] but found [Loggin]">
      <![CDATA[java.lang.AssertionError: The following asserts failed:
expected [Thank you for Loggin] but found [Loggin]
at ddClass.Display(ddClass.java:21)
at java.base/java.util.ArrayList.forEach(ArrayList.java:1511)
at com.intellij.rt.testng.IDEARemoteTestNG.run(IDEARemoteTestNG.java:66)
at com.intellij.rt.testng.RemoteTestNGStarter.main(RemoteTestNGStarter.java:109)
... Removed 24 stack frames]]>
    </failure>
  </testcase> <!-- Display -->
  <testcase classname="ddClass" name="Show" time="0.0">
    <ignored/>
  </testcase> <!-- Show -->
</testsuite> <!-- Reg1 -->
